<?xml version="1.0" encoding="UTF-8"?>
<!-- Generated by org.testng.reporters.JUnitXMLReporter -->
<testsuite hostname="LAPTOP-RVCR72OL" ignored="0" name="BankingApp Test" tests="2" failures="0" timestamp="05 Jan 2021 16:26:56 GMT" time="38.526" errors="0">
  <testcase name="loginTest" time="2.315" classname="com.inetbanking.testCases.TC_LoginTest_001"/>
  <testcase name="addNewCustomer" time="16.787" classname="com.inetbanking.testCases.TC_AddCustomerTest_003"/>
</testsuite> <!-- BankingApp Test -->
